<?xml version='1.0' encoding='UTF-8'?>
<testsuite hostname="lx5-978-33167.ad.helsinki.fi" name="org.phylo.abducer.abduction.LightweightSingleCellCompleterSpec" tests="5" errors="0" failures="0" skipped="0" time="0.024" timestamp="2026-05-22T12:32:09">
          <properties>
[...]
</properties>
          <testcase classname="org.phylo.abducer.abduction.LightweightSingleCellCompleterSpec" name="complete ranks candidates by score after filtering" time="0.02">
                      
                    </testcase><testcase classname="org.phylo.abducer.abduction.LightweightSingleCellCompleterSpec" name="complete excludes candidates rejected by consistency filter" time="0.001">
                      
                    </testcase><testcase classname="org.phylo.abducer.abduction.LightweightSingleCellCompleterSpec" name="complete returns empty ranked list when all candidates are inconsistent" time="0.0">
                      
                    </testcase><testcase classname="org.phylo.abducer.abduction.LightweightSingleCellCompleterSpec" name="complete respects topK truncation after ranking" time="0.002">
                      
                    </testcase><testcase classname="org.phylo.abducer.abduction.LightweightSingleCellCompleterSpec" name="complete treats non-positive topK as one" time="0.001">
                      
                    </testcase>
          <system-out><![CDATA[]]></system-out>
          <system-err><![CDATA[]]></system-err>
        </testsuite>